0 info it worked if it ends with ok
1 verbose cli [ '/usr/bin/node', '/usr/bin/npm', 'install', '-g', 'lite-server' ]
2 info using npm@2.14.9
3 info using node@v0.12.9
4 verbose node symlink /usr/bin/node
5 verbose install initial load of /usr/lib/package.json
6 verbose readDependencies loading dependencies from /usr/lib/package.json
7 silly cache add args [ 'lite-server', null ]
8 verbose cache add spec lite-server
9 silly cache add parsed spec { raw: 'lite-server',
9 silly cache add   scope: null,
9 silly cache add   name: 'lite-server',
9 silly cache add   rawSpec: '',
9 silly cache add   spec: '*',
9 silly cache add   type: 'range' }
10 silly addNamed lite-server@*
11 verbose addNamed "*" is a valid semver range for lite-server
12 silly addNameRange { name: 'lite-server', range: '*', hasData: false }
13 silly mapToRegistry name lite-server
14 silly mapToRegistry using default registry
15 silly mapToRegistry registry https://registry.npmjs.org/
16 silly mapToRegistry uri https://registry.npmjs.org/lite-server
17 verbose addNameRange registry:https://registry.npmjs.org/lite-server not in flight; fetching
18 verbose request uri https://registry.npmjs.org/lite-server
19 verbose request no auth needed
20 info attempt registry request try #1 at 7:32:54 PM
21 verbose request id 53da59e9b831f0c6
22 verbose etag "1KJEGVC87R1Z5M0ZNDNI09PNF"
23 http request GET https://registry.npmjs.org/lite-server
24 http 304 https://registry.npmjs.org/lite-server
25 verbose headers { date: 'Mon, 25 Jan 2016 00:33:00 GMT',
25 verbose headers   via: '1.1 varnish',
25 verbose headers   'cache-control': 'max-age=300',
25 verbose headers   etag: '"1KJEGVC87R1Z5M0ZNDNI09PNF"',
25 verbose headers   age: '0',
25 verbose headers   connection: 'keep-alive',
25 verbose headers   'x-served-by': 'cache-atl6224-ATL',
25 verbose headers   'x-cache': 'HIT',
25 verbose headers   'x-cache-hits': '1',
25 verbose headers   'x-timer': 'S1453681980.695301,VS0,VE25',
25 verbose headers   vary: 'Accept' }
26 silly get cb [ 304,
26 silly get   { date: 'Mon, 25 Jan 2016 00:33:00 GMT',
26 silly get     via: '1.1 varnish',
26 silly get     'cache-control': 'max-age=300',
26 silly get     etag: '"1KJEGVC87R1Z5M0ZNDNI09PNF"',
26 silly get     age: '0',
26 silly get     connection: 'keep-alive',
26 silly get     'x-served-by': 'cache-atl6224-ATL',
26 silly get     'x-cache': 'HIT',
26 silly get     'x-cache-hits': '1',
26 silly get     'x-timer': 'S1453681980.695301,VS0,VE25',
26 silly get     vary: 'Accept' } ]
27 verbose etag https://registry.npmjs.org/lite-server from cache
28 verbose get saving lite-server to /home/jsmith6690/.npm/registry.npmjs.org/lite-server/.cache.json
29 silly addNameRange number 2 { name: 'lite-server', range: '*', hasData: true }
30 silly addNameRange versions [ 'lite-server',
30 silly addNameRange   [ '1.0.0',
30 silly addNameRange     '1.0.1',
30 silly addNameRange     '1.0.3',
30 silly addNameRange     '1.1.0',
30 silly addNameRange     '1.2.0',
30 silly addNameRange     '1.3.0',
30 silly addNameRange     '1.3.1',
30 silly addNameRange     '1.3.2',
30 silly addNameRange     '1.3.3',
30 silly addNameRange     '1.3.4' ] ]
31 silly addNamed lite-server@1.3.4
32 verbose addNamed "1.3.4" is a plain semver version for lite-server
33 silly cache afterAdd lite-server@1.3.4
34 verbose afterAdd /home/jsmith6690/.npm/lite-server/1.3.4/package/package.json not in flight; writing
35 verbose afterAdd /home/jsmith6690/.npm/lite-server/1.3.4/package/package.json written
36 silly install resolved [ { name: 'lite-server',
36 silly install resolved     version: '1.3.4',
36 silly install resolved     description: 'Lightweight development node server for serving a web app, providing a fallback for browser history API, loading in the browser, and injecting scripts on the fly.',
36 silly install resolved     main: './lib/lite-server',
36 silly install resolved     scripts: {},
36 silly install resolved     repository:
36 silly install resolved      { type: 'git',
36 silly install resolved        url: 'git+https://github.com/johnpapa/lite-server.git' },
36 silly install resolved     keywords: [],
36 silly install resolved     author:
36 silly install resolved      { name: 'John Papa',
36 silly install resolved        email: 'john@johnpapa.net',
36 silly install resolved        url: 'http://johnpapa.net/' },
36 silly install resolved     license: 'MIT',
36 silly install resolved     bin: { 'lite-server': './bin/lite-server' },
36 silly install resolved     homepage: 'https://github.com/johnpapa/lite-server#readme',
36 silly install resolved     dependencies:
36 silly install resolved      { 'browser-sync': '^2.11.1',
36 silly install resolved        'connect-history-api-fallback': '^1.1.0',
36 silly install resolved        'connect-logger': '0.0.1',
36 silly install resolved        yargs: '^3.32.0' },
36 silly install resolved     devDependencies: {},
36 silly install resolved     gitHead: '4ee15719dea6980ccf8c977ce8feebfcb8f6131a',
36 silly install resolved     bugs: { url: 'https://github.com/johnpapa/lite-server/issues' },
36 silly install resolved     _id: 'lite-server@1.3.4',
36 silly install resolved     _shasum: 'd01f31bea1896f52bdae4770de756ff0bf715b9d',
36 silly install resolved     _from: 'lite-server@*',
36 silly install resolved     _npmVersion: '2.14.3',
36 silly install resolved     _nodeVersion: '4.2.2',
36 silly install resolved     _npmUser: { name: 'johnpapa', email: 'john@johnpapa.net' },
36 silly install resolved     dist:
36 silly install resolved      { shasum: 'd01f31bea1896f52bdae4770de756ff0bf715b9d',
36 silly install resolved        tarball: 'http://registry.npmjs.org/lite-server/-/lite-server-1.3.4.tgz' },
36 silly install resolved     maintainers: [ [Object] ],
36 silly install resolved     directories: {},
36 silly install resolved     _resolved: 'https://registry.npmjs.org/lite-server/-/lite-server-1.3.4.tgz',
36 silly install resolved     readme: 'ERROR: No README data found!' } ]
37 info install lite-server@1.3.4 into /usr/lib
38 info installOne lite-server@1.3.4
39 verbose installOne of lite-server to /usr/lib not in flight; installing
40 verbose lock using /home/jsmith6690/.npm/_locks/lite-server-7ff7cb69b81f5a7b.lock for /usr/lib/node_modules/lite-server
41 silly install write writing lite-server 1.3.4 to /usr/lib/node_modules/lite-server
42 verbose unbuild lib/node_modules/lite-server
43 info preuninstall lite-server@1.3.4
44 info uninstall lite-server@1.3.4
45 verbose unbuild rmStuff lite-server@1.3.4 from /usr/lib/node_modules
46 silly gentlyRm /usr/bin/lite-server is being gently removed
47 silly gentlyRm verifying /usr is an npm working directory
48 silly gentlyRm containing path /usr is under npm's control, in /usr
49 silly gentlyRm deletion target /usr/bin/lite-server is under /usr
50 verbose gentlyRm vacuuming from /usr/bin/lite-server up to /usr
51 info postuninstall lite-server@1.3.4
52 silly gentlyRm /usr/lib/node_modules/lite-server is being purged from base /usr
53 verbose gentlyRm don't care about contents; nuking /usr/lib/node_modules/lite-server
54 silly vacuum-fs purging /usr/lib/node_modules/lite-server
55 verbose unlock done using /home/jsmith6690/.npm/_locks/lite-server-7ff7cb69b81f5a7b.lock for /usr/lib/node_modules/lite-server
56 verbose stack Error: EACCES, rmdir '/usr/lib/node_modules/lite-server'
56 verbose stack     at Error (native)
57 verbose cwd /home/jsmith6690/dev/angular2-plottable
58 error Linux 3.19.0-43-generic
59 error argv "/usr/bin/node" "/usr/bin/npm" "install" "-g" "lite-server"
60 error node v0.12.9
61 error npm  v2.14.9
62 error path /usr/lib/node_modules/lite-server
63 error code EACCES
64 error errno -13
65 error Error: EACCES, rmdir '/usr/lib/node_modules/lite-server'
65 error     at Error (native)
65 error  { [Error: EACCES, rmdir '/usr/lib/node_modules/lite-server']
65 error   errno: -13,
65 error   code: 'EACCES',
65 error   path: '/usr/lib/node_modules/lite-server' }
66 error Please try running this command again as root/Administrator.
67 verbose exit [ -13, true ]
68 verbose unbuild lib/node_modules/lite-server
69 info preuninstall lite-server@1.3.4
70 info uninstall lite-server@1.3.4
71 verbose unbuild rmStuff lite-server@1.3.4 from /usr/lib/node_modules
72 silly gentlyRm /usr/bin/lite-server is being gently removed
73 silly gentlyRm verifying /usr is an npm working directory
74 silly gentlyRm containing path /usr is under npm's control, in /usr
75 silly gentlyRm deletion target /usr/bin/lite-server is under /usr
76 verbose gentlyRm vacuuming from /usr/bin/lite-server up to /usr
77 info postuninstall lite-server@1.3.4
78 silly gentlyRm /usr/lib/node_modules/lite-server is being purged from base /usr
79 verbose gentlyRm don't care about contents; nuking /usr/lib/node_modules/lite-server
80 silly vacuum-fs purging /usr/lib/node_modules/lite-server
81 error error rolling back Error: EACCES, rmdir '/usr/lib/node_modules/lite-server'
81 error error rolling back     at Error (native)
81 error error rolling back  { [Error: EACCES, rmdir '/usr/lib/node_modules/lite-server']
81 error error rolling back   errno: -13,
81 error error rolling back   code: 'EACCES',
81 error error rolling back   path: '/usr/lib/node_modules/lite-server' }
